C:\Program Files\Microsoft Visual Studio\2022\Community\MSBuild\Microsoft\VC\v170\Microsoft.CppBuild.targets(531,5): warning MSB8028: The intermediate directory (Debug\) contains files shared from another project (CPlusPlusCHOPExample.vcxproj).  This can lead to incorrect clean and rebuild behavior.
  KineticCHOP.cpp
C:\Users\Tech Space\Desktop\Cyber\KineticCHOP\KineticCHOP.cpp(224,2): warning C4996: 'sprintf': This function or variable may be unsafe. Consider using sprintf_s instead. To disable deprecation, use _CRT_SECURE_NO_WARNINGS. See online help for details.
C:\Users\Tech Space\Desktop\Cyber\KineticCHOP\KineticCHOP.cpp(276,116): warning C4244: 'argument': conversion from 'double' to 'float', possible loss of data
C:\Users\Tech Space\Desktop\Cyber\KineticCHOP\KineticCHOP.cpp(276,105): warning C4244: 'argument': conversion from 'double' to 'float', possible loss of data
C:\Users\Tech Space\Desktop\Cyber\KineticCHOP\KineticCHOP.cpp(276,91): warning C4244: 'argument': conversion from 'double' to 'float', possible loss of data
C:\Users\Tech Space\Desktop\Cyber\KineticCHOP\KineticCHOP.cpp(276,77): warning C4244: 'argument': conversion from 'double' to 'float', possible loss of data
C:\Users\Tech Space\Desktop\Cyber\KineticCHOP\KineticCHOP.cpp(276,66): warning C4244: 'argument': conversion from '_Ty' to 'float', possible loss of data
C:\Users\Tech Space\Desktop\Cyber\KineticCHOP\KineticCHOP.cpp(276,66): warning C4244:         with
C:\Users\Tech Space\Desktop\Cyber\KineticCHOP\KineticCHOP.cpp(276,66): warning C4244:         [
C:\Users\Tech Space\Desktop\Cyber\KineticCHOP\KineticCHOP.cpp(276,66): warning C4244:             _Ty=double
C:\Users\Tech Space\Desktop\Cyber\KineticCHOP\KineticCHOP.cpp(276,66): warning C4244:         ]
C:\Users\Tech Space\Desktop\Cyber\KineticCHOP\KineticCHOP.cpp(288,116): warning C4244: 'argument': conversion from 'double' to 'float', possible loss of data
C:\Users\Tech Space\Desktop\Cyber\KineticCHOP\KineticCHOP.cpp(288,105): warning C4244: 'argument': conversion from 'double' to 'float', possible loss of data
C:\Users\Tech Space\Desktop\Cyber\KineticCHOP\KineticCHOP.cpp(288,91): warning C4244: 'argument': conversion from 'double' to 'float', possible loss of data
C:\Users\Tech Space\Desktop\Cyber\KineticCHOP\KineticCHOP.cpp(288,77): warning C4244: 'argument': conversion from 'double' to 'float', possible loss of data
C:\Users\Tech Space\Desktop\Cyber\KineticCHOP\KineticCHOP.cpp(288,67): warning C4244: 'argument': conversion from '_Ty' to 'float', possible loss of data
C:\Users\Tech Space\Desktop\Cyber\KineticCHOP\KineticCHOP.cpp(288,67): warning C4244:         with
C:\Users\Tech Space\Desktop\Cyber\KineticCHOP\KineticCHOP.cpp(288,67): warning C4244:         [
C:\Users\Tech Space\Desktop\Cyber\KineticCHOP\KineticCHOP.cpp(288,67): warning C4244:             _Ty=double
C:\Users\Tech Space\Desktop\Cyber\KineticCHOP\KineticCHOP.cpp(288,67): warning C4244:         ]
C:\Users\Tech Space\Desktop\Cyber\KineticCHOP\KineticCHOP.cpp(293,116): warning C4244: 'argument': conversion from 'double' to 'float', possible loss of data
C:\Users\Tech Space\Desktop\Cyber\KineticCHOP\KineticCHOP.cpp(293,105): warning C4244: 'argument': conversion from 'double' to 'float', possible loss of data
C:\Users\Tech Space\Desktop\Cyber\KineticCHOP\KineticCHOP.cpp(293,91): warning C4244: 'argument': conversion from 'double' to 'float', possible loss of data
C:\Users\Tech Space\Desktop\Cyber\KineticCHOP\KineticCHOP.cpp(293,77): warning C4244: 'argument': conversion from 'double' to 'float', possible loss of data
C:\Users\Tech Space\Desktop\Cyber\KineticCHOP\KineticCHOP.cpp(293,67): warning C4244: 'argument': conversion from '_Ty' to 'float', possible loss of data
C:\Users\Tech Space\Desktop\Cyber\KineticCHOP\KineticCHOP.cpp(293,67): warning C4244:         with
C:\Users\Tech Space\Desktop\Cyber\KineticCHOP\KineticCHOP.cpp(293,67): warning C4244:         [
C:\Users\Tech Space\Desktop\Cyber\KineticCHOP\KineticCHOP.cpp(293,67): warning C4244:             _Ty=double
C:\Users\Tech Space\Desktop\Cyber\KineticCHOP\KineticCHOP.cpp(293,67): warning C4244:         ]
C:\Users\Tech Space\Desktop\Cyber\KineticCHOP\KineticCHOP.cpp(303,55): warning C4244: '=': conversion from 'int' to 'float', possible loss of data
C:\Users\Tech Space\Desktop\Cyber\KineticCHOP\KineticCHOP.cpp(307,55): warning C4244: '=': conversion from 'int' to 'float', possible loss of data
C:\Users\Tech Space\Desktop\Cyber\KineticCHOP\KineticCHOP.cpp(311,55): warning C4244: '=': conversion from 'int' to 'float', possible loss of data
C:\Users\Tech Space\Desktop\Cyber\KineticCHOP\KineticCHOP.cpp(315,31): warning C4101: 'e': unreferenced local variable
     Creating library C:\Users\Tech Space\Desktop\Cyber\KineticCHOP\Debug\KineticCHOP.lib and object C:\Users\Tech Space\Desktop\Cyber\KineticCHOP\Debug\KineticCHOP.exp
  CPlusPlusCHOPExample.vcxproj -> C:\Users\Tech Space\Desktop\Cyber\KineticCHOP\Debug\KineticCHOP.dll
